<?xml version="1.0" encoding="UTF-8"?>
<testng-results ignored="0" total="1" passed="1" failed="0" skipped="0">
  <reporter-output>
  </reporter-output>
  <suite started-at="2025-07-13T16:00:34Z" name="Suite" finished-at="2025-07-13T16:00:51Z" duration-ms="16657">
    <groups>
    </groups>
    <test started-at="2025-07-13T16:00:34Z" name="Test" finished-at="2025-07-13T16:00:51Z" duration-ms="16657">
      <class name="com.sampleproject.testcases.TC01_GETRequest">
        <test-method is-config="true" signature="startReport()[pri:0, instance:com.sampleproject.testcases.TC01_GETRequest@291f18]" started-at="2025-07-13T16:00:34Z" name="startReport" finished-at="2025-07-13T16:00:34Z" duration-ms="492" status="PASS">
          <reporter-output>
          </reporter-output>
        </test-method> <!-- startReport -->
        <test-method is-config="true" signature="startTest()[pri:0, instance:com.sampleproject.testcases.TC01_GETRequest@291f18]" started-at="2025-07-13T16:00:34Z" name="startTest" finished-at="2025-07-13T16:00:34Z" duration-ms="1" status="PASS">
          <reporter-output>
          </reporter-output>
        </test-method> <!-- startTest -->
        <test-method is-config="true" signature="report()[pri:0, instance:com.sampleproject.testcases.TC01_GETRequest@291f18]" started-at="2025-07-13T16:00:34Z" name="report" finished-at="2025-07-13T16:00:34Z" duration-ms="10" status="PASS">
          <reporter-output>
          </reporter-output>
        </test-method> <!-- report -->
        <test-method signature="getEmployeeDetails(java.lang.String, java.lang.String)[pri:0, instance:com.sampleproject.testcases.TC01_GETRequest@291f18]" started-at="2025-07-13T16:00:35Z" name="getEmployeeDetails" data-provider="fetchData" finished-at="2025-07-13T16:00:51Z" duration-ms="15597" status="PASS">
          <params>
            <param index="0">
              <value>
                <![CDATA[https://gorest.co.in/public/v2/users/]]>
              </value>
            </param>
            <param index="1">
              <value>
                <![CDATA[8003655]]>
              </value>
            </param>
          </params>
          <reporter-output>
          </reporter-output>
        </test-method> <!-- getEmployeeDetails -->
        <test-method is-config="true" signature="stopReport()[pri:0, instance:com.sampleproject.testcases.TC01_GETRequest@291f18]" started-at="2025-07-13T16:00:51Z" name="stopReport" finished-at="2025-07-13T16:00:52Z" duration-ms="580" status="PASS">
          <reporter-output>
          </reporter-output>
        </test-method> <!-- stopReport -->
      </class> <!-- com.sampleproject.testcases.TC01_GETRequest -->
    </test> <!-- Test -->
  </suite> <!-- Suite -->
</testng-results>
